20:02:21 **** Incremental Build of configuration Debug for project SDL Basic ****
make all 
Building file: ../src/Main.cpp
Invoking: GCC C++ Compiler
g++ -I/opt/local/include/SDL2 -O0 -g3 -Wall -c -fmessage-length=0 -MMD -MP -MF"src/Main.d" -MT"src/Main.o" -o "src/Main.o" "../src/Main.cpp"
Finished building: ../src/Main.cpp
 
Building file: ../src/Swarm.cpp
Invoking: GCC C++ Compiler
g++ -I/opt/local/include/SDL2 -O0 -g3 -Wall -c -fmessage-length=0 -MMD -MP -MF"src/Swarm.d" -MT"src/Swarm.o" -o "src/Swarm.o" "../src/Swarm.cpp"
Finished building: ../src/Swarm.cpp
 
Building target: SDL Basic
Invoking: MacOS X C++ Linker
g++ -L/opt/local/lib -o "SDL Basic"  ./src/Main.o ./src/Particle.o ./src/Screen.o ./src/Swarm.o   -lSDL2
Finished building target: SDL Basic
 
20:02:51 **** Incremental Build of configuration Debug for project SDL Basic ****
make all 
Building file: ../src/Particle.cpp
Invoking: GCC C++ Compiler
g++ -I/opt/local/include/SDL2 -O0 -g3 -Wall -c -fmessage-length=0 -MMD -MP -MF"src/Particle.d" -MT"src/Particle.o" -o "src/Particle.o" "../src/Particle.cpp"
Finished building: ../src/Particle.cpp
 
Building target: SDL Basic
Invoking: MacOS X C++ Linker
g++ -L/opt/local/lib -o "SDL Basic"  ./src/Main.o ./src/Particle.o ./src/Screen.o ./src/Swarm.o   -lSDL2
Finished building target: SDL Basic
 
20:03:00 **** Incremental Build of configuration Debug for project SDL Basic ****
make all 
Building file: ../src/Particle.cpp
Invoking: GCC C++ Compiler
g++ -I/opt/local/include/SDL2 -O0 -g3 -Wall -c -fmessage-length=0 -MMD -MP -MF"src/Particle.d" -MT"src/Particle.o" -o "src/Particle.o" "../src/Particle.cpp"
Finished building: ../src/Particle.cpp
 
Building target: SDL Basic
Invoking: MacOS X C++ Linker
g++ -L/opt/local/lib -o "SDL Basic"  ./src/Main.o ./src/Particle.o ./src/Screen.o ./src/Swarm.o   -lSDL2
Finished building target: SDL Basic
 
20:03:34 **** Incremental Build of configuration Debug for project SDL Basic ****
make all 
Building file: ../src/Particle.cpp
Invoking: GCC C++ Compiler
g++ -I/opt/local/include/SDL2 -O0 -g3 -Wall -c -fmessage-length=0 -MMD -MP -MF"src/Particle.d" -MT"src/Particle.o" -o "src/Particle.o" "../src/Particle.cpp"
Finished building: ../src/Particle.cpp
 
Building target: SDL Basic
Invoking: MacOS X C++ Linker
g++ -L/opt/local/lib -o "SDL Basic"  ./src/Main.o ./src/Particle.o ./src/Screen.o ./src/Swarm.o   -lSDL2
Finished building target: SDL Basic
 
20:03:43 **** Incremental Build of configuration Debug for project SDL Basic ****
make all 
Building file: ../src/Particle.cpp
Invoking: GCC C++ Compiler
g++ -I/opt/local/include/SDL2 -O0 -g3 -Wall -c -fmessage-length=0 -MMD -MP -MF"src/Particle.d" -MT"src/Particle.o" -o "src/Particle.o" "../src/Particle.cpp"
Finished building: ../src/Particle.cpp
 
Building target: SDL Basic
Invoking: MacOS X C++ Linker
g++ -L/opt/local/lib -o "SDL Basic"  ./src/Main.o ./src/Particle.o ./src/Screen.o ./src/Swarm.o   -lSDL2
Finished building target: SDL Basic
 
20:03:57 **** Incremental Build of configuration Debug for project SDL Basic ****
make all 
Building file: ../src/Particle.cpp
Invoking: GCC C++ Compiler
g++ -I/opt/local/include/SDL2 -O0 -g3 -Wall -c -fmessage-length=0 -MMD -MP -MF"src/Particle.d" -MT"src/Particle.o" -o "src/Particle.o" "../src/Particle.cpp"
Finished building: ../src/Particle.cpp
 
Building target: SDL Basic
Invoking: MacOS X C++ Linker
g++ -L/opt/local/lib -o "SDL Basic"  ./src/Main.o ./src/Particle.o ./src/Screen.o ./src/Swarm.o   -lSDL2
Finished building target: SDL Basic
 
20:04:20 **** Incremental Build of configuration Debug for project SDL Basic ****
make all 
Building file: ../src/Particle.cpp
Invoking: GCC C++ Compiler
g++ -I/opt/local/include/SDL2 -O0 -g3 -Wall -c -fmessage-length=0 -MMD -MP -MF"src/Particle.d" -MT"src/Particle.o" -o "src/Particle.o" "../src/Particle.cpp"
Finished building: ../src/Particle.cpp
 
Building target: SDL Basic
Invoking: MacOS X C++ Linker
g++ -L/opt/local/lib -o "SDL Basic"  ./src/Main.o ./src/Particle.o ./src/Screen.o ./src/Swarm.o   -lSDL2
Finished building target: SDL Basic
 
20:04:29 **** Incremental Build of configuration Debug for project SDL Basic ****
make all 
Building file: ../src/Particle.cpp
Invoking: GCC C++ Compiler
g++ -I/opt/local/include/SDL2 -O0 -g3 -Wall -c -fmessage-length=0 -MMD -MP -MF"src/Particle.d" -MT"src/Particle.o" -o "src/Particle.o" "../src/Particle.cpp"
Finished building: ../src/Particle.cpp
 
Building target: SDL Basic
Invoking: MacOS X C++ Linker
g++ -L/opt/local/lib -o "SDL Basic"  ./src/Main.o ./src/Particle.o ./src/Screen.o ./src/Swarm.o   -lSDL2
Finished building target: SDL Basic
 
20:05:48 **** Incremental Build of configuration Debug for project SDL Basic ****
make all 
Building file: ../src/Particle.cpp
Invoking: GCC C++ Compiler
g++ -I/opt/local/include/SDL2 -O0 -g3 -Wall -c -fmessage-length=0 -MMD -MP -MF"src/Particle.d" -MT"src/Particle.o" -o "src/Particle.o" "../src/Particle.cpp"
Finished building: ../src/Particle.cpp
 
Building target: SDL Basic
Invoking: MacOS X C++ Linker
g++ -L/opt/local/lib -o "SDL Basic"  ./src/Main.o ./src/Particle.o ./src/Screen.o ./src/Swarm.o   -lSDL2
Finished building target: SDL Basic
 
20:06:27 **** Incremental Build of configuration Debug for project SDL Basic ****
make all 
Building file: ../src/Particle.cpp
Invoking: GCC C++ Compiler
g++ -I/opt/local/include/SDL2 -O0 -g3 -Wall -c -fmessage-length=0 -MMD -MP -MF"src/Particle.d" -MT"src/Particle.o" -o "src/Particle.o" "../src/Particle.cpp"
Finished building: ../src/Particle.cpp
 
Building target: SDL Basic
Invoking: MacOS X C++ Linker
g++ -L/opt/local/lib -o "SDL Basic"  ./src/Main.o ./src/Particle.o ./src/Screen.o ./src/Swarm.o   -lSDL2
Finished building target: SDL Basic
 
20:06:36 **** Incremental Build of configuration Debug for project SDL Basic ****
make all 
Building file: ../src/Particle.cpp
Invoking: GCC C++ Compiler
g++ -I/opt/local/include/SDL2 -O0 -g3 -Wall -c -fmessage-length=0 -MMD -MP -MF"src/Particle.d" -MT"src/Particle.o" -o "src/Particle.o" "../src/Particle.cpp"
Finished building: ../src/Particle.cpp
 
Building target: SDL Basic
Invoking: MacOS X C++ Linker
g++ -L/opt/local/lib -o "SDL Basic"  ./src/Main.o ./src/Particle.o ./src/Screen.o ./src/Swarm.o   -lSDL2
Finished building target: SDL Basic
 
20:09:58 **** Incremental Build of configuration Debug for project SDL Basic ****
make all 
Building file: ../src/Main.cpp
Invoking: GCC C++ Compiler
g++ -I/opt/local/include/SDL2 -O0 -g3 -Wall -c -fmessage-length=0 -MMD -MP -MF"src/Main.d" -MT"src/Main.o" -o "src/Main.o" "../src/Main.cpp"
Finished building: ../src/Main.cpp
 
Building file: ../src/Particle.cpp
Invoking: GCC C++ Compiler
g++ -I/opt/local/include/SDL2 -O0 -g3 -Wall -c -fmessage-length=0 -MMD -MP -MF"src/Particle.d" -MT"src/Particle.o" -o "src/Particle.o" "../src/Particle.cpp"
Finished building: ../src/Particle.cpp
 
Building file: ../src/Swarm.cpp
Invoking: GCC C++ Compiler
g++ -I/opt/local/include/SDL2 -O0 -g3 -Wall -c -fmessage-length=0 -MMD -MP -MF"src/Swarm.d" -MT"src/Swarm.o" -o "src/Swarm.o" "../src/Swarm.cpp"
Finished building: ../src/Swarm.cpp
 
Building target: SDL Basic
Invoking: MacOS X C++ Linker
g++ -L/opt/local/lib -o "SDL Basic"  ./src/Main.o ./src/Particle.o ./src/Screen.o ./src/Swarm.o   -lSDL2
Finished building target: SDL Basic
 
20:10:25 **** Incremental Build of configuration Debug for project SDL Basic ****
make all 
Building file: ../src/Main.cpp
Invoking: GCC C++ Compiler
g++ -I/opt/local/include/SDL2 -O0 -g3 -Wall -c -fmessage-length=0 -MMD -MP -MF"src/Main.d" -MT"src/Main.o" -o "src/Main.o" "../src/Main.cpp"
Finished building: ../src/Main.cpp
 
Building file: ../src/Particle.cpp
Invoking: GCC C++ Compiler
g++ -I/opt/local/include/SDL2 -O0 -g3 -Wall -c -fmessage-length=0 -MMD -MP -MF"src/Particle.d" -MT"src/Particle.o" -o "src/Particle.o" "../src/Particle.cpp"
Finished building: ../src/Particle.cpp
 
Building file: ../src/Swarm.cpp
Invoking: GCC C++ Compiler
g++ -I/opt/local/include/SDL2 -O0 -g3 -Wall -c -fmessage-length=0 -MMD -MP -MF"src/Swarm.d" -MT"src/Swarm.o" -o "src/Swarm.o" "../src/Swarm.cpp"
Finished building: ../src/Swarm.cpp
 
Building target: SDL Basic
Invoking: MacOS X C++ Linker
g++ -L/opt/local/lib -o "SDL Basic"  ./src/Main.o ./src/Particle.o ./src/Screen.o ./src/Swarm.o   -lSDL2
Finished building target: SDL Basic
 
20:12:04 **** Incremental Build of configuration Debug for project SDL Basic ****
make all 
Building file: ../src/Particle.cpp
Invoking: GCC C++ Compiler
g++ -I/opt/local/include/SDL2 -O0 -g3 -Wall -c -fmessage-length=0 -MMD -MP -MF"src/Particle.d" -MT"src/Particle.o" -o "src/Particle.o" "../src/Particle.cpp"
Finished building: ../src/Particle.cpp
 
Building target: SDL Basic
Invoking: MacOS X C++ Linker
g++ -L/opt/local/lib -o "SDL Basic"  ./src/Main.o ./src/Particle.o ./src/Screen.o ./src/Swarm.o   -lSDL2
Finished building target: SDL Basic
 
20:13:24 **** Incremental Build of configuration Debug for project SDL Basic ****
make all 
make: Nothing to be done for `all'.
20:15:05 **** Incremental Build of configuration Debug for project SDL Basic ****
make all 
Building file: ../src/Particle.cpp
Invoking: GCC C++ Compiler
g++ -I/opt/local/include/SDL2 -O0 -g3 -Wall -c -fmessage-length=0 -MMD -MP -MF"src/Particle.d" -MT"src/Particle.o" -o "src/Particle.o" "../src/Particle.cpp"
Finished building: ../src/Particle.cpp
 
Building target: SDL Basic
Invoking: MacOS X C++ Linker
g++ -L/opt/local/lib -o "SDL Basic"  ./src/Main.o ./src/Particle.o ./src/Screen.o ./src/Swarm.o   -lSDL2
Finished building target: SDL Basic
 
20:16:53 **** Incremental Build of configuration Debug for project SDL Basic ****
make all 
Building file: ../src/Particle.cpp
Invoking: GCC C++ Compiler
g++ -I/opt/local/include/SDL2 -O0 -g3 -Wall -c -fmessage-length=0 -MMD -MP -MF"src/Particle.d" -MT"src/Particle.o" -o "src/Particle.o" "../src/Particle.cpp"
Finished building: ../src/Particle.cpp
 
Building target: SDL Basic
Invoking: MacOS X C++ Linker
g++ -L/opt/local/lib -o "SDL Basic"  ./src/Main.o ./src/Particle.o ./src/Screen.o ./src/Swarm.o   -lSDL2
Finished building target: SDL Basic
 
20:17:02 **** Incremental Build of configuration Debug for project SDL Basic ****
make all 
Building file: ../src/Particle.cpp
Invoking: GCC C++ Compiler
g++ -I/opt/local/include/SDL2 -O0 -g3 -Wall -c -fmessage-length=0 -MMD -MP -MF"src/Particle.d" -MT"src/Particle.o" -o "src/Particle.o" "../src/Particle.cpp"
Finished building: ../src/Particle.cpp
 
Building target: SDL Basic
Invoking: MacOS X C++ Linker
g++ -L/opt/local/lib -o "SDL Basic"  ./src/Main.o ./src/Particle.o ./src/Screen.o ./src/Swarm.o   -lSDL2
Finished building target: SDL Basic
 
20:17:20 **** Incremental Build of configuration Debug for project SDL Basic ****
make all 
Building file: ../src/Particle.cpp
Invoking: GCC C++ Compiler
g++ -I/opt/local/include/SDL2 -O0 -g3 -Wall -c -fmessage-length=0 -MMD -MP -MF"src/Particle.d" -MT"src/Particle.o" -o "src/Particle.o" "../src/Particle.cpp"
Finished building: ../src/Particle.cpp
 
Building target: SDL Basic
Invoking: MacOS X C++ Linker
g++ -L/opt/local/lib -o "SDL Basic"  ./src/Main.o ./src/Particle.o ./src/Screen.o ./src/Swarm.o   -lSDL2
Finished building target: SDL Basic
 
20:17:58 **** Incremental Build of configuration Debug for project SDL Basic ****
make all 
Building file: ../src/Particle.cpp
Invoking: GCC C++ Compiler
g++ -I/opt/local/include/SDL2 -O0 -g3 -Wall -c -fmessage-length=0 -MMD -MP -MF"src/Particle.d" -MT"src/Particle.o" -o "src/Particle.o" "../src/Particle.cpp"
Finished building: ../src/Particle.cpp
 
Building target: SDL Basic
Invoking: MacOS X C++ Linker
g++ -L/opt/local/lib -o "SDL Basic"  ./src/Main.o ./src/Particle.o ./src/Screen.o ./src/Swarm.o   -lSDL2
Finished building target: SDL Basic
 
20:18:40 **** Incremental Build of configuration Debug for project SDL Basic ****
make all 
Building file: ../src/Particle.cpp
Invoking: GCC C++ Compiler
g++ -I/opt/local/include/SDL2 -O0 -g3 -Wall -c -fmessage-length=0 -MMD -MP -MF"src/Particle.d" -MT"src/Particle.o" -o "src/Particle.o" "../src/Particle.cpp"
Finished building: ../src/Particle.cpp
 
Building target: SDL Basic
Invoking: MacOS X C++ Linker
g++ -L/opt/local/lib -o "SDL Basic"  ./src/Main.o ./src/Particle.o ./src/Screen.o ./src/Swarm.o   -lSDL2
Finished building target: SDL Basic
 
20:18:49 **** Incremental Build of configuration Debug for project SDL Basic ****
make all 
Building file: ../src/Particle.cpp
Invoking: GCC C++ Compiler
g++ -I/opt/local/include/SDL2 -O0 -g3 -Wall -c -fmessage-length=0 -MMD -MP -MF"src/Particle.d" -MT"src/Particle.o" -o "src/Particle.o" "../src/Particle.cpp"
Finished building: ../src/Particle.cpp
 
Building target: SDL Basic
Invoking: MacOS X C++ Linker
g++ -L/opt/local/lib -o "SDL Basic"  ./src/Main.o ./src/Particle.o ./src/Screen.o ./src/Swarm.o   -lSDL2
Finished building target: SDL Basic
 
20:19:31 **** Incremental Build of configuration Debug for project SDL Basic ****
make all 
Building file: ../src/Particle.cpp
Invoking: GCC C++ Compiler
g++ -I/opt/local/include/SDL2 -O0 -g3 -Wall -c -fmessage-length=0 -MMD -MP -MF"src/Particle.d" -MT"src/Particle.o" -o "src/Particle.o" "../src/Particle.cpp"
Finished building: ../src/Particle.cpp
 
Building target: SDL Basic
Invoking: MacOS X C++ Linker
g++ -L/opt/local/lib -o "SDL Basic"  ./src/Main.o ./src/Particle.o ./src/Screen.o ./src/Swarm.o   -lSDL2
Finished building target: SDL Basic
 
20:20:24 **** Incremental Build of configuration Debug for project SDL Basic ****
make all 
Building file: ../src/Main.cpp
Invoking: GCC C++ Compiler
g++ -I/opt/local/include/SDL2 -O0 -g3 -Wall -c -fmessage-length=0 -MMD -MP -MF"src/Main.d" -MT"src/Main.o" -o "src/Main.o" "../src/Main.cpp"
Finished building: ../src/Main.cpp
 
Building file: ../src/Particle.cpp
Invoking: GCC C++ Compiler
g++ -I/opt/local/include/SDL2 -O0 -g3 -Wall -c -fmessage-length=0 -MMD -MP -MF"src/Particle.d" -MT"src/Particle.o" -o "src/Particle.o" "../src/Particle.cpp"
Finished building: ../src/Particle.cpp
 
Building target: SDL Basic
Invoking: MacOS X C++ Linker
g++ -L/opt/local/lib -o "SDL Basic"  ./src/Main.o ./src/Particle.o ./src/Screen.o ./src/Swarm.o   -lSDL2
Finished building target: SDL Basic
 
20:20:36 **** Incremental Build of configuration Debug for project SDL Basic ****
make all 
Building file: ../src/Main.cpp
Invoking: GCC C++ Compiler
g++ -I/opt/local/include/SDL2 -O0 -g3 -Wall -c -fmessage-length=0 -MMD -MP -MF"src/Main.d" -MT"src/Main.o" -o "src/Main.o" "../src/Main.cpp"
Finished building: ../src/Main.cpp
 
Building file: ../src/Swarm.cpp
Invoking: GCC C++ Compiler
g++ -I/opt/local/include/SDL2 -O0 -g3 -Wall -c -fmessage-length=0 -MMD -MP -MF"src/Swarm.d" -MT"src/Swarm.o" -o "src/Swarm.o" "../src/Swarm.cpp"
Finished building: ../src/Swarm.cpp
 
Building target: SDL Basic
Invoking: MacOS X C++ Linker
g++ -L/opt/local/lib -o "SDL Basic"  ./src/Main.o ./src/Particle.o ./src/Screen.o ./src/Swarm.o   -lSDL2
Finished building target: SDL Basic
 
20:20:50 **** Incremental Build of configuration Debug for project SDL Basic ****
make all 
Building file: ../src/Main.cpp
Invoking: GCC C++ Compiler
g++ -I/opt/local/include/SDL2 -O0 -g3 -Wall -c -fmessage-length=0 -MMD -MP -MF"src/Main.d" -MT"src/Main.o" -o "src/Main.o" "../src/Main.cpp"
Finished building: ../src/Main.cpp
 
Building file: ../src/Swarm.cpp
Invoking: GCC C++ Compiler
g++ -I/opt/local/include/SDL2 -O0 -g3 -Wall -c -fmessage-length=0 -MMD -MP -MF"src/Swarm.d" -MT"src/Swarm.o" -o "src/Swarm.o" "../src/Swarm.cpp"
Finished building: ../src/Swarm.cpp
 
Building target: SDL Basic
Invoking: MacOS X C++ Linker
g++ -L/opt/local/lib -o "SDL Basic"  ./src/Main.o ./src/Particle.o ./src/Screen.o ./src/Swarm.o   -lSDL2
Finished building target: SDL Basic
 
20:23:10 **** Incremental Build of configuration Debug for project SDL Basic ****
make all 
Building file: ../src/Particle.cpp
Invoking: GCC C++ Compiler
g++ -I/opt/local/include/SDL2 -O0 -g3 -Wall -c -fmessage-length=0 -MMD -MP -MF"src/Particle.d" -MT"src/Particle.o" -o "src/Particle.o" "../src/Particle.cpp"
Finished building: ../src/Particle.cpp
 
Building target: SDL Basic
Invoking: MacOS X C++ Linker
g++ -L/opt/local/lib -o "SDL Basic"  ./src/Main.o ./src/Particle.o ./src/Screen.o ./src/Swarm.o   -lSDL2
Finished building target: SDL Basic
 
07:55:51 **** Incremental Build of configuration Debug for project SDL Basic ****
make all 
Building file: ../src/Particle.cpp
Invoking: GCC C++ Compiler
g++ -I/opt/local/include/SDL2 -O0 -g3 -Wall -c -fmessage-length=0 -MMD -MP -MF"src/Particle.d" -MT"src/Particle.o" -o "src/Particle.o" "../src/Particle.cpp"
Finished building: ../src/Particle.cpp
 
Building target: SDL Basic
Invoking: MacOS X C++ Linker
g++ -L/opt/local/lib -o "SDL Basic"  ./src/Main.o ./src/Particle.o ./src/Screen.o ./src/Swarm.o   -lSDL2
Finished building target: SDL Basic
 
07:56:37 **** Incremental Build of configuration Debug for project SDL Basic ****
make all 
Building file: ../src/Main.cpp
Invoking: GCC C++ Compiler
g++ -I/opt/local/include/SDL2 -O0 -g3 -Wall -c -fmessage-length=0 -MMD -MP -MF"src/Main.d" -MT"src/Main.o" -o "src/Main.o" "../src/Main.cpp"
Finished building: ../src/Main.cpp
 
Building file: ../src/Swarm.cpp
Invoking: GCC C++ Compiler
g++ -I/opt/local/include/SDL2 -O0 -g3 -Wall -c -fmessage-length=0 -MMD -MP -MF"src/Swarm.d" -MT"src/Swarm.o" -o "src/Swarm.o" "../src/Swarm.cpp"
Finished building: ../src/Swarm.cpp
 
Building target: SDL Basic
Invoking: MacOS X C++ Linker
g++ -L/opt/local/lib -o "SDL Basic"  ./src/Main.o ./src/Particle.o ./src/Screen.o ./src/Swarm.o   -lSDL2
Finished building target: SDL Basic
 
07:56:50 **** Incremental Build of configuration Debug for project SDL Basic ****
make all 
Building file: ../src/Main.cpp
Invoking: GCC C++ Compiler
g++ -I/opt/local/include/SDL2 -O0 -g3 -Wall -c -fmessage-length=0 -MMD -MP -MF"src/Main.d" -MT"src/Main.o" -o "src/Main.o" "../src/Main.cpp"
Finished building: ../src/Main.cpp
 
Building file: ../src/Swarm.cpp
Invoking: GCC C++ Compiler
g++ -I/opt/local/include/SDL2 -O0 -g3 -Wall -c -fmessage-length=0 -MMD -MP -MF"src/Swarm.d" -MT"src/Swarm.o" -o "src/Swarm.o" "../src/Swarm.cpp"
Finished building: ../src/Swarm.cpp
 
Building target: SDL Basic
Invoking: MacOS X C++ Linker
g++ -L/opt/local/lib -o "SDL Basic"  ./src/Main.o ./src/Particle.o ./src/Screen.o ./src/Swarm.o   -lSDL2
Finished building target: SDL Basic
 
07:57:23 **** Incremental Build of configuration Debug for project SDL Basic ****
make all 
Building file: ../src/Main.cpp
Invoking: GCC C++ Compiler
g++ -I/opt/local/include/SDL2 -O0 -g3 -Wall -c -fmessage-length=0 -MMD -MP -MF"src/Main.d" -MT"src/Main.o" -o "src/Main.o" "../src/Main.cpp"
Finished building: ../src/Main.cpp
 
Building file: ../src/Particle.cpp
Invoking: GCC C++ Compiler
g++ -I/opt/local/include/SDL2 -O0 -g3 -Wall -c -fmessage-length=0 -MMD -MP -MF"src/Particle.d" -MT"src/Particle.o" -o "src/Particle.o" "../src/Particle.cpp"
Finished building: ../src/Particle.cpp
 
Building file: ../src/Swarm.cpp
Invoking: GCC C++ Compiler
g++ -I/opt/local/include/SDL2 -O0 -g3 -Wall -c -fmessage-length=0 -MMD -MP -MF"src/Swarm.d" -MT"src/Swarm.o" -o "src/Swarm.o" "../src/Swarm.cpp"
Finished building: ../src/Swarm.cpp
 
Building target: SDL Basic
Invoking: MacOS X C++ Linker
g++ -L/opt/local/lib -o "SDL Basic"  ./src/Main.o ./src/Particle.o ./src/Screen.o ./src/Swarm.o   -lSDL2
Finished building target: SDL Basic
 
07:58:19 **** Incremental Build of configuration Debug for project SDL Basic ****
make all 
Building file: ../src/Particle.cpp
Invoking: GCC C++ Compiler
g++ -I/opt/local/include/SDL2 -O0 -g3 -Wall -c -fmessage-length=0 -MMD -MP -MF"src/Particle.d" -MT"src/Particle.o" -o "src/Particle.o" "../src/Particle.cpp"
Finished building: ../src/Particle.cpp
 
Building target: SDL Basic
Invoking: MacOS X C++ Linker
g++ -L/opt/local/lib -o "SDL Basic"  ./src/Main.o ./src/Particle.o ./src/Screen.o ./src/Swarm.o   -lSDL2
Finished building target: SDL Basic
 
07:58:36 **** Incremental Build of configuration Debug for project SDL Basic ****
make all 
Building file: ../src/Main.cpp
Invoking: GCC C++ Compiler
g++ -I/opt/local/include/SDL2 -O0 -g3 -Wall -c -fmessage-length=0 -MMD -MP -MF"src/Main.d" -MT"src/Main.o" -o "src/Main.o" "../src/Main.cpp"
Finished building: ../src/Main.cpp
 
Building target: SDL Basic
Invoking: MacOS X C++ Linker
g++ -L/opt/local/lib -o "SDL Basic"  ./src/Main.o ./src/Particle.o ./src/Screen.o ./src/Swarm.o   -lSDL2
Finished building target: SDL Basic
 
07:58:45 **** Incremental Build of configuration Debug for project SDL Basic ****
make all 
Building file: ../src/Main.cpp
Invoking: GCC C++ Compiler
g++ -I/opt/local/include/SDL2 -O0 -g3 -Wall -c -fmessage-length=0 -MMD -MP -MF"src/Main.d" -MT"src/Main.o" -o "src/Main.o" "../src/Main.cpp"
Finished building: ../src/Main.cpp
 
Building target: SDL Basic
Invoking: MacOS X C++ Linker
g++ -L/opt/local/lib -o "SDL Basic"  ./src/Main.o ./src/Particle.o ./src/Screen.o ./src/Swarm.o   -lSDL2
Finished building target: SDL Basic
 
08:24:48 **** Incremental Build of configuration Debug for project SDL Basic ****
make all 
make: Nothing to be done for `all'.
08:25:06 **** Incremental Build of configuration Debug for project SDL Basic ****
make all 
make: Nothing to be done for `all'.
08:25:43 **** Incremental Build of configuration Debug for project SDL Basic ****
make all 
Building file: ../src/Main.cpp
Invoking: GCC C++ Compiler
g++ -I/opt/local/include/SDL2 -O0 -g3 -Wall -c -fmessage-length=0 -MMD -MP -MF"src/Main.d" -MT"src/Main.o" -o "src/Main.o" "../src/Main.cpp"
Finished building: ../src/Main.cpp
 
Building target: SDL Basic
Invoking: MacOS X C++ Linker
g++ -L/opt/local/lib -o "SDL Basic"  ./src/Main.o ./src/Particle.o ./src/Screen.o ./src/Swarm.o   -lSDL2
Finished building target: SDL Basic
 
08:26:12 **** Incremental Build of configuration Debug for project SDL Basic ****
make all 
Building file: ../src/Main.cpp
Invoking: GCC C++ Compiler
g++ -I/opt/local/include/SDL2 -O0 -g3 -Wall -c -fmessage-length=0 -MMD -MP -MF"src/Main.d" -MT"src/Main.o" -o "src/Main.o" "../src/Main.cpp"
Finished building: ../src/Main.cpp
 
Building file: ../src/Particle.cpp
Invoking: GCC C++ Compiler
g++ -I/opt/local/include/SDL2 -O0 -g3 -Wall -c -fmessage-length=0 -MMD -MP -MF"src/Particle.d" -MT"src/Particle.o" -o "src/Particle.o" "../src/Particle.cpp"
Finished building: ../src/Particle.cpp
 
Building target: SDL Basic
Invoking: MacOS X C++ Linker
g++ -L/opt/local/lib -o "SDL Basic"  ./src/Main.o ./src/Particle.o ./src/Screen.o ./src/Swarm.o   -lSDL2
Finished building target: SDL Basic
 
08:26:30 **** Incremental Build of configuration Debug for project SDL Basic ****
make all 
Building file: ../src/Particle.cpp
Invoking: GCC C++ Compiler
g++ -I/opt/local/include/SDL2 -O0 -g3 -Wall -c -fmessage-length=0 -MMD -MP -MF"src/Particle.d" -MT"src/Particle.o" -o "src/Particle.o" "../src/Particle.cpp"
Finished building: ../src/Particle.cpp
 
Building target: SDL Basic
Invoking: MacOS X C++ Linker
g++ -L/opt/local/lib -o "SDL Basic"  ./src/Main.o ./src/Particle.o ./src/Screen.o ./src/Swarm.o   -lSDL2
Finished building target: SDL Basic
 
08:26:45 **** Incremental Build of configuration Debug for project SDL Basic ****
make all 
Building file: ../src/Particle.cpp
Invoking: GCC C++ Compiler
g++ -I/opt/local/include/SDL2 -O0 -g3 -Wall -c -fmessage-length=0 -MMD -MP -MF"src/Particle.d" -MT"src/Particle.o" -o "src/Particle.o" "../src/Particle.cpp"
Finished building: ../src/Particle.cpp
 
Building target: SDL Basic
Invoking: MacOS X C++ Linker
g++ -L/opt/local/lib -o "SDL Basic"  ./src/Main.o ./src/Particle.o ./src/Screen.o ./src/Swarm.o   -lSDL2
Finished building target: SDL Basic
 
08:26:59 **** Incremental Build of configuration Debug for project SDL Basic ****
make all 
Building file: ../src/Particle.cpp
Invoking: GCC C++ Compiler
g++ -I/opt/local/include/SDL2 -O0 -g3 -Wall -c -fmessage-length=0 -MMD -MP -MF"src/Particle.d" -MT"src/Particle.o" -o "src/Particle.o" "../src/Particle.cpp"
Finished building: ../src/Particle.cpp
 
Building target: SDL Basic
Invoking: MacOS X C++ Linker
g++ -L/opt/local/lib -o "SDL Basic"  ./src/Main.o ./src/Particle.o ./src/Screen.o ./src/Swarm.o   -lSDL2
Finished building target: SDL Basic
 
08:27:35 **** Incremental Build of configuration Debug for project SDL Basic ****
make all 
Building file: ../src/Main.cpp
Invoking: GCC C++ Compiler
g++ -I/opt/local/include/SDL2 -O0 -g3 -Wall -c -fmessage-length=0 -MMD -MP -MF"src/Main.d" -MT"src/Main.o" -o "src/Main.o" "../src/Main.cpp"
Finished building: ../src/Main.cpp
 
Building target: SDL Basic
Invoking: MacOS X C++ Linker
g++ -L/opt/local/lib -o "SDL Basic"  ./src/Main.o ./src/Particle.o ./src/Screen.o ./src/Swarm.o   -lSDL2
Finished building target: SDL Basic
 
08:27:58 **** Incremental Build of configuration Debug for project SDL Basic ****
make all 
Building file: ../src/Main.cpp
Invoking: GCC C++ Compiler
g++ -I/opt/local/include/SDL2 -O0 -g3 -Wall -c -fmessage-length=0 -MMD -MP -MF"src/Main.d" -MT"src/Main.o" -o "src/Main.o" "../src/Main.cpp"
Finished building: ../src/Main.cpp
 
Building target: SDL Basic
Invoking: MacOS X C++ Linker
g++ -L/opt/local/lib -o "SDL Basic"  ./src/Main.o ./src/Particle.o ./src/Screen.o ./src/Swarm.o   -lSDL2
Finished building target: SDL Basic
 
08:28:36 **** Incremental Build of configuration Debug for project SDL Basic ****
make all 
Building file: ../src/Main.cpp
Invoking: GCC C++ Compiler
g++ -I/opt/local/include/SDL2 -O0 -g3 -Wall -c -fmessage-length=0 -MMD -MP -MF"src/Main.d" -MT"src/Main.o" -o "src/Main.o" "../src/Main.cpp"
Finished building: ../src/Main.cpp
 
Building file: ../src/Particle.cpp
Invoking: GCC C++ Compiler
g++ -I/opt/local/include/SDL2 -O0 -g3 -Wall -c -fmessage-length=0 -MMD -MP -MF"src/Particle.d" -MT"src/Particle.o" -o "src/Particle.o" "../src/Particle.cpp"
Finished building: ../src/Particle.cpp
 
Building target: SDL Basic
Invoking: MacOS X C++ Linker
g++ -L/opt/local/lib -o "SDL Basic"  ./src/Main.o ./src/Particle.o ./src/Screen.o ./src/Swarm.o   -lSDL2
Finished building target: SDL Basic
 
08:28:59 **** Incremental Build of configuration Debug for project SDL Basic ****
make all 
Building file: ../src/Particle.cpp
Invoking: GCC C++ Compiler
g++ -I/opt/local/include/SDL2 -O0 -g3 -Wall -c -fmessage-length=0 -MMD -MP -MF"src/Particle.d" -MT"src/Particle.o" -o "src/Particle.o" "../src/Particle.cpp"
Finished building: ../src/Particle.cpp
 
Building target: SDL Basic
Invoking: MacOS X C++ Linker
g++ -L/opt/local/lib -o "SDL Basic"  ./src/Main.o ./src/Particle.o ./src/Screen.o ./src/Swarm.o   -lSDL2
Finished building target: SDL Basic
 
08:29:13 **** Incremental Build of configuration Debug for project SDL Basic ****
make all 
Building file: ../src/Particle.cpp
Invoking: GCC C++ Compiler
g++ -I/opt/local/include/SDL2 -O0 -g3 -Wall -c -fmessage-length=0 -MMD -MP -MF"src/Particle.d" -MT"src/Particle.o" -o "src/Particle.o" "../src/Particle.cpp"
Finished building: ../src/Particle.cpp
 
Building target: SDL Basic
Invoking: MacOS X C++ Linker
g++ -L/opt/local/lib -o "SDL Basic"  ./src/Main.o ./src/Particle.o ./src/Screen.o ./src/Swarm.o   -lSDL2
Finished building target: SDL Basic
 
08:29:26 **** Incremental Build of configuration Debug for project SDL Basic ****
make all 
Building file: ../src/Particle.cpp
Invoking: GCC C++ Compiler
g++ -I/opt/local/include/SDL2 -O0 -g3 -Wall -c -fmessage-length=0 -MMD -MP -MF"src/Particle.d" -MT"src/Particle.o" -o "src/Particle.o" "../src/Particle.cpp"
Finished building: ../src/Particle.cpp
 
Building target: SDL Basic
Invoking: MacOS X C++ Linker
g++ -L/opt/local/lib -o "SDL Basic"  ./src/Main.o ./src/Particle.o ./src/Screen.o ./src/Swarm.o   -lSDL2
Finished building target: SDL Basic
 
08:29:32 **** Incremental Build of configuration Debug for project SDL Basic ****
make all 
Building file: ../src/Particle.cpp
Invoking: GCC C++ Compiler
g++ -I/opt/local/include/SDL2 -O0 -g3 -Wall -c -fmessage-length=0 -MMD -MP -MF"src/Particle.d" -MT"src/Particle.o" -o "src/Particle.o" "../src/Particle.cpp"
Finished building: ../src/Particle.cpp
 
Building target: SDL Basic
Invoking: MacOS X C++ Linker
g++ -L/opt/local/lib -o "SDL Basic"  ./src/Main.o ./src/Particle.o ./src/Screen.o ./src/Swarm.o   -lSDL2
Finished building target: SDL Basic
 
